<?xml version="1.0" encoding="UTF-8"?>
<testng-results skipped="0" failed="0" total="3" passed="3">
  <reporter-output>
  </reporter-output>
  <suite name="Default suite" duration-ms="112975" started-at="2019-09-10T13:25:12Z" finished-at="2019-09-10T13:27:05Z">
    <groups>
    </groups>
    <test name="Default test" duration-ms="112975" started-at="2019-09-10T13:25:12Z" finished-at="2019-09-10T13:27:05Z">
      <class name="BPTC.Testing.TestCases.LoginTC">
        <test-method status="PASS" signature="BrowserLaunch()[pri:0, instance:BPTC.Testing.TestCases.LoginTC@5700d6b1]" name="BrowserLaunch" is-config="true" duration-ms="20481" started-at="2019-09-10T18:55:12Z" finished-at="2019-09-10T18:55:33Z">
          <reporter-output>
          </reporter-output>
        </test-method> <!-- BrowserLaunch -->
        <test-method status="PASS" signature="LoginTest(java.lang.String, java.lang.String)[pri:0, instance:BPTC.Testing.TestCases.LoginTC@5700d6b1]" name="LoginTest" duration-ms="15826" started-at="2019-09-10T18:55:33Z" data-provider="LoginData" finished-at="2019-09-10T18:55:49Z">
          <params>
            <param index="0">
              <value>
                <![CDATA[C11111]]>
              </value>
            </param>
            <param index="1">
              <value>
                <![CDATA[hbss2051]]>
              </value>
            </param>
          </params>
          <reporter-output>
          </reporter-output>
        </test-method> <!-- LoginTest -->
        <test-method status="PASS" signature="BrowserClose()[pri:0, instance:BPTC.Testing.TestCases.LoginTC@5700d6b1]" name="BrowserClose" is-config="true" duration-ms="3553" started-at="2019-09-10T18:55:49Z" finished-at="2019-09-10T18:55:52Z">
          <reporter-output>
          </reporter-output>
        </test-method> <!-- BrowserClose -->
        <test-method status="PASS" signature="BrowserLaunch()[pri:0, instance:BPTC.Testing.TestCases.LoginTC@5700d6b1]" name="BrowserLaunch" is-config="true" duration-ms="16195" started-at="2019-09-10T18:55:52Z" finished-at="2019-09-10T18:56:08Z">
          <reporter-output>
          </reporter-output>
        </test-method> <!-- BrowserLaunch -->
        <test-method status="PASS" signature="LoginTest(java.lang.String, java.lang.String)[pri:0, instance:BPTC.Testing.TestCases.LoginTC@5700d6b1]" name="LoginTest" duration-ms="15742" started-at="2019-09-10T18:56:08Z" data-provider="LoginData" finished-at="2019-09-10T18:56:24Z">
          <params>
            <param index="0">
              <value>
                <![CDATA[C13057]]>
              </value>
            </param>
            <param index="1">
              <value>
                <![CDATA[hbf254]]>
              </value>
            </param>
          </params>
          <reporter-output>
          </reporter-output>
        </test-method> <!-- LoginTest -->
        <test-method status="PASS" signature="BrowserClose()[pri:0, instance:BPTC.Testing.TestCases.LoginTC@5700d6b1]" name="BrowserClose" is-config="true" duration-ms="5152" started-at="2019-09-10T18:56:24Z" finished-at="2019-09-10T18:56:29Z">
          <reporter-output>
          </reporter-output>
        </test-method> <!-- BrowserClose -->
        <test-method status="PASS" signature="BrowserLaunch()[pri:0, instance:BPTC.Testing.TestCases.LoginTC@5700d6b1]" name="BrowserLaunch" is-config="true" duration-ms="16452" started-at="2019-09-10T18:56:29Z" finished-at="2019-09-10T18:56:46Z">
          <reporter-output>
          </reporter-output>
        </test-method> <!-- BrowserLaunch -->
        <test-method status="PASS" signature="LoginTest(java.lang.String, java.lang.String)[pri:0, instance:BPTC.Testing.TestCases.LoginTC@5700d6b1]" name="LoginTest" duration-ms="15750" started-at="2019-09-10T18:56:46Z" data-provider="LoginData" finished-at="2019-09-10T18:57:02Z">
          <params>
            <param index="0">
              <value>
                <![CDATA[C13057]]>
              </value>
            </param>
            <param index="1">
              <value>
                <![CDATA[Hbss2004]]>
              </value>
            </param>
          </params>
          <reporter-output>
          </reporter-output>
        </test-method> <!-- LoginTest -->
        <test-method status="PASS" signature="BrowserClose()[pri:0, instance:BPTC.Testing.TestCases.LoginTC@5700d6b1]" name="BrowserClose" is-config="true" duration-ms="3610" started-at="2019-09-10T18:57:02Z" finished-at="2019-09-10T18:57:05Z">
          <reporter-output>
          </reporter-output>
        </test-method> <!-- BrowserClose -->
      </class> <!-- BPTC.Testing.TestCases.LoginTC -->
    </test> <!-- Default test -->
  </suite> <!-- Default suite -->
</testng-results>
