<?xml version="1.0" encoding="UTF-8"?>
<testng-results skipped="0" failed="0" total="7" passed="7">
  <reporter-output>
  </reporter-output>
  <suite name="Suite" duration-ms="410347" started-at="2020-01-28T10:32:05Z" finished-at="2020-01-28T10:38:55Z">
    <groups>
    </groups>
    <test name="Test" duration-ms="410347" started-at="2020-01-28T10:32:05Z" finished-at="2020-01-28T10:38:55Z">
      <class name="BPTC.Testing.TestCases.NextDayBooking">
        <test-method status="PASS" signature="BrowserLaunch()[pri:0, instance:BPTC.Testing.TestCases.NextDayBooking@192b07fd]" name="BrowserLaunch" is-config="true" duration-ms="18559" started-at="2020-01-28T16:06:43Z" finished-at="2020-01-28T16:07:02Z">
          <reporter-output>
          </reporter-output>
        </test-method> <!-- BrowserLaunch -->
        <test-method status="PASS" signature="NextDayBooking()[pri:0, instance:BPTC.Testing.TestCases.NextDayBooking@192b07fd]" name="NextDayBooking" duration-ms="44178" started-at="2020-01-28T16:07:02Z" finished-at="2020-01-28T16:07:46Z">
          <reporter-output>
          </reporter-output>
        </test-method> <!-- NextDayBooking -->
        <test-method status="PASS" signature="BrowserClose()[pri:0, instance:BPTC.Testing.TestCases.NextDayBooking@192b07fd]" name="BrowserClose" is-config="true" duration-ms="3522" started-at="2020-01-28T16:07:46Z" finished-at="2020-01-28T16:07:49Z">
          <reporter-output>
          </reporter-output>
        </test-method> <!-- BrowserClose -->
      </class> <!-- BPTC.Testing.TestCases.NextDayBooking -->
      <class name="BPTC.Testing.TestCases.SameDayBooking">
        <test-method status="PASS" signature="BrowserLaunch()[pri:0, instance:BPTC.Testing.TestCases.SameDayBooking@20322d26]" name="BrowserLaunch" is-config="true" duration-ms="17796" started-at="2020-01-28T16:05:36Z" finished-at="2020-01-28T16:05:54Z">
          <reporter-output>
          </reporter-output>
        </test-method> <!-- BrowserLaunch -->
        <test-method status="PASS" signature="SameDayBooking()[pri:0, instance:BPTC.Testing.TestCases.SameDayBooking@20322d26]" name="SameDayBooking" duration-ms="44288" started-at="2020-01-28T16:05:54Z" finished-at="2020-01-28T16:06:38Z">
          <reporter-output>
          </reporter-output>
        </test-method> <!-- SameDayBooking -->
        <test-method status="PASS" signature="BrowserClose()[pri:0, instance:BPTC.Testing.TestCases.SameDayBooking@20322d26]" name="BrowserClose" is-config="true" duration-ms="5328" started-at="2020-01-28T16:06:38Z" finished-at="2020-01-28T16:06:43Z">
          <reporter-output>
          </reporter-output>
        </test-method> <!-- BrowserClose -->
      </class> <!-- BPTC.Testing.TestCases.SameDayBooking -->
      <class name="BPTC.Testing.TestCases.SaturdayAndSundayBooking">
        <test-method status="PASS" signature="BrowserLaunch()[pri:0, instance:BPTC.Testing.TestCases.SaturdayAndSundayBooking@64bfbc86]" name="BrowserLaunch" is-config="true" duration-ms="17988" started-at="2020-01-28T16:07:49Z" finished-at="2020-01-28T16:08:07Z">
          <reporter-output>
          </reporter-output>
        </test-method> <!-- BrowserLaunch -->
        <test-method status="PASS" signature="SaturdayAndSundayBooking()[pri:0, instance:BPTC.Testing.TestCases.SaturdayAndSundayBooking@64bfbc86]" name="SaturdayAndSundayBooking" duration-ms="44187" started-at="2020-01-28T16:08:07Z" finished-at="2020-01-28T16:08:52Z">
          <reporter-output>
          </reporter-output>
        </test-method> <!-- SaturdayAndSundayBooking -->
        <test-method status="PASS" signature="BrowserClose()[pri:0, instance:BPTC.Testing.TestCases.SaturdayAndSundayBooking@64bfbc86]" name="BrowserClose" is-config="true" duration-ms="3586" started-at="2020-01-28T16:08:52Z" finished-at="2020-01-28T16:08:55Z">
          <reporter-output>
          </reporter-output>
        </test-method> <!-- BrowserClose -->
      </class> <!-- BPTC.Testing.TestCases.SaturdayAndSundayBooking -->
      <class name="BPTC.Testing.TestCases.LoginTC">
        <test-method status="PASS" signature="BrowserLaunch()[pri:0, instance:BPTC.Testing.TestCases.LoginTC@1ed4004b]" name="BrowserLaunch" is-config="true" duration-ms="61670" started-at="2020-01-28T16:02:06Z" finished-at="2020-01-28T16:03:07Z">
          <reporter-output>
          </reporter-output>
        </test-method> <!-- BrowserLaunch -->
        <test-method status="PASS" signature="LoginTest(java.lang.String, java.lang.String)[pri:0, instance:BPTC.Testing.TestCases.LoginTC@1ed4004b]" name="LoginTest" duration-ms="22443" started-at="2020-01-28T16:03:07Z" data-provider="LoginData" finished-at="2020-01-28T16:03:30Z">
          <params>
            <param index="0">
              <value>
                <![CDATA[C11111]]>
              </value>
            </param>
            <param index="1">
              <value>
                <![CDATA[hbss2051]]>
              </value>
            </param>
          </params>
          <reporter-output>
          </reporter-output>
        </test-method> <!-- LoginTest -->
        <test-method status="PASS" signature="BrowserClose()[pri:0, instance:BPTC.Testing.TestCases.LoginTC@1ed4004b]" name="BrowserClose" is-config="true" duration-ms="5870" started-at="2020-01-28T16:03:30Z" finished-at="2020-01-28T16:03:35Z">
          <reporter-output>
          </reporter-output>
        </test-method> <!-- BrowserClose -->
        <test-method status="PASS" signature="BrowserLaunch()[pri:0, instance:BPTC.Testing.TestCases.LoginTC@1ed4004b]" name="BrowserLaunch" is-config="true" duration-ms="24181" started-at="2020-01-28T16:03:35Z" finished-at="2020-01-28T16:04:00Z">
          <reporter-output>
          </reporter-output>
        </test-method> <!-- BrowserLaunch -->
        <test-method status="PASS" signature="LoginTest(java.lang.String, java.lang.String)[pri:0, instance:BPTC.Testing.TestCases.LoginTC@1ed4004b]" name="LoginTest" duration-ms="20193" started-at="2020-01-28T16:04:00Z" data-provider="LoginData" finished-at="2020-01-28T16:04:20Z">
          <params>
            <param index="0">
              <value>
                <![CDATA[testnk]]>
              </value>
            </param>
            <param index="1">
              <value>
                <![CDATA[hbf254]]>
              </value>
            </param>
          </params>
          <reporter-output>
          </reporter-output>
        </test-method> <!-- LoginTest -->
        <test-method status="PASS" signature="BrowserClose()[pri:0, instance:BPTC.Testing.TestCases.LoginTC@1ed4004b]" name="BrowserClose" is-config="true" duration-ms="3593" started-at="2020-01-28T16:04:20Z" finished-at="2020-01-28T16:04:23Z">
          <reporter-output>
          </reporter-output>
        </test-method> <!-- BrowserClose -->
        <test-method status="PASS" signature="BrowserLaunch()[pri:0, instance:BPTC.Testing.TestCases.LoginTC@1ed4004b]" name="BrowserLaunch" is-config="true" duration-ms="18232" started-at="2020-01-28T16:04:23Z" finished-at="2020-01-28T16:04:42Z">
          <reporter-output>
          </reporter-output>
        </test-method> <!-- BrowserLaunch -->
        <test-method status="PASS" signature="LoginTest(java.lang.String, java.lang.String)[pri:0, instance:BPTC.Testing.TestCases.LoginTC@1ed4004b]" name="LoginTest" duration-ms="20830" started-at="2020-01-28T16:04:42Z" data-provider="LoginData" finished-at="2020-01-28T16:05:03Z">
          <params>
            <param index="0">
              <value>
                <![CDATA[testnk]]>
              </value>
            </param>
            <param index="1">
              <value>
                <![CDATA[Hbss2004]]>
              </value>
            </param>
          </params>
          <reporter-output>
          </reporter-output>
        </test-method> <!-- LoginTest -->
        <test-method status="PASS" signature="BrowserClose()[pri:0, instance:BPTC.Testing.TestCases.LoginTC@1ed4004b]" name="BrowserClose" is-config="true" duration-ms="3827" started-at="2020-01-28T16:05:03Z" finished-at="2020-01-28T16:05:06Z">
          <reporter-output>
          </reporter-output>
        </test-method> <!-- BrowserClose -->
        <test-method status="PASS" signature="ExcelReport()[pri:0, instance:BPTC.Testing.TestCases.LoginTC@1ed4004b]" name="ExcelReport" is-config="true" duration-ms="15360" started-at="2020-01-28T16:08:55Z" finished-at="2020-01-28T16:09:11Z">
          <reporter-output>
          </reporter-output>
        </test-method> <!-- ExcelReport -->
      </class> <!-- BPTC.Testing.TestCases.LoginTC -->
      <class name="BPTC.Testing.TestCases.Registration">
        <test-method status="PASS" signature="BrowserLaunch()[pri:0, instance:BPTC.Testing.TestCases.Registration@55d56113]" name="BrowserLaunch" is-config="true" duration-ms="16904" started-at="2020-01-28T16:05:06Z" finished-at="2020-01-28T16:05:23Z">
          <reporter-output>
          </reporter-output>
        </test-method> <!-- BrowserLaunch -->
        <test-method status="PASS" signature="Reg_new()[pri:0, instance:BPTC.Testing.TestCases.Registration@55d56113]" name="Reg_new" duration-ms="9114" started-at="2020-01-28T16:05:23Z" finished-at="2020-01-28T16:05:32Z">
          <reporter-output>
          </reporter-output>
        </test-method> <!-- Reg_new -->
        <test-method status="PASS" signature="BrowserClose()[pri:0, instance:BPTC.Testing.TestCases.Registration@55d56113]" name="BrowserClose" is-config="true" duration-ms="3393" started-at="2020-01-28T16:05:32Z" finished-at="2020-01-28T16:05:36Z">
          <reporter-output>
          </reporter-output>
        </test-method> <!-- BrowserClose -->
      </class> <!-- BPTC.Testing.TestCases.Registration -->
    </test> <!-- Test -->
  </suite> <!-- Suite -->
</testng-results>
