<?xml version="1.0" encoding="UTF-8"?>
<!-- Generated by org.testng.reporters.JUnitXMLReporter -->
<testsuite hostname="QA-003" name="Default test" tests="3" failures="0" timestamp="10 Sep 2019 13:27:05 GMT" time="112.975" errors="0">
  <testcase name="LoginTest" time="15.826" classname="BPTC.Testing.TestCases.LoginTC"/>
  <testcase name="LoginTest" time="15.742" classname="BPTC.Testing.TestCases.LoginTC"/>
  <testcase name="LoginTest" time="15.75" classname="BPTC.Testing.TestCases.LoginTC"/>
</testsuite> <!-- Default test -->
