<?xml version="1.0" encoding="UTF-8"?>
<!-- Generated by org.testng.reporters.JUnitXMLReporter -->
<testsuite hostname="QA-003" name="Test" tests="4" failures="0" timestamp="16 Sep 2019 12:46:43 GMT" time="155.842" errors="0">
  <testcase name="LoginTest" time="16.436" classname="BPTC.Testing.TestCases.LoginTC"/>
  <testcase name="LoginTest" time="16.175" classname="BPTC.Testing.TestCases.LoginTC"/>
  <testcase name="LoginTest" time="16.153" classname="BPTC.Testing.TestCases.LoginTC"/>
  <testcase name="Reg_new" time="27.591" classname="BPTC.Testing.TestCases.Registration"/>
</testsuite> <!-- Test -->
